# JRE version: OpenJDK Runtime Environment Temurin-17.0.13+11 (17.0.13+11) (build 17.0.13+11)
# Java VM: OpenJDK 64-Bit Server VM Temurin-17.0.13+11 (17.0.13+11, mixed mode, tiered, compressed oops, compressed class ptrs, parallel gc, windows-amd64)
GC Precious Log:
 CPUs: 8 total, 8 available
 Memory: 16239M
 Large Page Support: Disabled
 NUMA Support: Disabled
 Compressed Oops: Enabled (32-bit)
 Alignments: Space 512K, Generation 512K, Heap 2M
 Heap Min Capacity: 100M
 Heap Initial Capacity: 100M
 Heap Max Capacity: 1G
 Pre-touch: Disabled
 Parallel Workers: 8
Heap:
 PSYoungGen      total 5632K, used 4310K [0x00000000eab00000, 0x00000000eb480000, 0x0000000100000000)
  eden space 4608K, 80% used [0x00000000eab00000,0x00000000eae9db68,0x00000000eaf80000)
  from space 1024K, 59% used [0x00000000eb380000,0x00000000eb418000,0x00000000eb480000)
  to   space 1024K, 0% used [0x00000000eb280000,0x00000000eb280000,0x00000000eb380000)
 ParOldGen       total 89600K, used 65653K [0x00000000c0000000, 0x00000000c5780000, 0x00000000eab00000)
  object space 89600K, 73% used [0x00000000c0000000,0x00000000c401d788,0x00000000c5780000)
 Metaspace       used 77631K, committed 78912K, reserved 1179648K
  class space    used 8199K, committed 8768K, reserved 1048576K
GC Heap History (20 events):
Event: 861.849 GC heap before
{Heap before GC invocations=148 (full 4):
 PSYoungGen      total 7168K, used 7136K [0x00000000eab00000, 0x00000000eb580000, 0x0000000100000000)
  eden space 6656K, 100% used [0x00000000eab00000,0x00000000eb180000,0x00000000eb180000)
  from space 512K, 93% used [0x00000000eb500000,0x00000000eb578020,0x00000000eb580000)
  to   space 1024K, 0% used [0x00000000eb380000,0x00000000eb380000,0x00000000eb480000)
 ParOldGen       total 86528K, used 83840K [0x00000000c0000000, 0x00000000c5480000, 0x00000000eab00000)
  object space 86528K, 96% used [0x00000000c0000000,0x00000000c51e0258,0x00000000c5480000)
 Metaspace       used 77353K, committed 78656K, reserved 1179648K
  class space    used 8199K, committed 8768K, reserved 1048576K
}
Event: 861.851 GC heap after
{Heap after GC invocations=148 (full 4):
 PSYoungGen      total 7680K, used 999K [0x00000000eab00000, 0x00000000eb680000, 0x0000000100000000)
  eden space 6656K, 0% used [0x00000000eab00000,0x00000000eab00000,0x00000000eb180000)
  from space 1024K, 97% used [0x00000000eb380000,0x00000000eb479e50,0x00000000eb480000)
  to   space 2048K, 0% used [0x00000000eb480000,0x00000000eb480000,0x00000000eb680000)
 ParOldGen       total 86528K, used 84860K [0x00000000c0000000, 0x00000000c5480000, 0x00000000eab00000)
  object space 86528K, 98% used [0x00000000c0000000,0x00000000c52df158,0x00000000c5480000)
 Metaspace       used 77353K, committed 78656K, reserved 1179648K
  class space    used 8199K, committed 8768K, reserved 1048576K
}
Event: 861.878 GC heap before
{Heap before GC invocations=149 (full 4):
 PSYoungGen      total 7680K, used 7655K [0x00000000eab00000, 0x00000000eb680000, 0x0000000100000000)
  eden space 6656K, 99% used [0x00000000eab00000,0x00000000eb17ffa0,0x00000000eb180000)
  from space 1024K, 97% used [0x00000000eb380000,0x00000000eb479e50,0x00000000eb480000)
  to   space 2048K, 0% used [0x00000000eb480000,0x00000000eb480000,0x00000000eb680000)
 ParOldGen       total 86528K, used 84860K [0x00000000c0000000, 0x00000000c5480000, 0x00000000eab00000)
  object space 86528K, 98% used [0x00000000c0000000,0x00000000c52df158,0x00000000c5480000)
 Metaspace       used 77353K, committed 78656K, reserved 1179648K
  class space    used 8199K, committed 8768K, reserved 1048576K
}
Event: 861.881 GC heap after
{Heap after GC invocations=149 (full 4):
 PSYoungGen      total 6656K, used 2031K [0x00000000eab00000, 0x00000000ebb80000, 0x0000000100000000)
  eden space 4608K, 0% used [0x00000000eab00000,0x00000000eab00000,0x00000000eaf80000)
  from space 2048K, 99% used [0x00000000eb480000,0x00000000eb67bca0,0x00000000eb680000)
  to   space 5120K, 0% used [0x00000000eaf80000,0x00000000eaf80000,0x00000000eb480000)
 ParOldGen       total 87552K, used 87368K [0x00000000c0000000, 0x00000000c5580000, 0x00000000eab00000)
  object space 87552K, 99% used [0x00000000c0000000,0x00000000c55520c0,0x00000000c5580000)
 Metaspace       used 77353K, committed 78656K, reserved 1179648K
  class space    used 8199K, committed 8768K, reserved 1048576K
}
Event: 889.468 GC heap before
{Heap before GC invocations=150 (full 5):
 PSYoungGen      total 6656K, used 6639K [0x00000000eab00000, 0x00000000ebb80000, 0x0000000100000000)
  eden space 4608K, 100% used [0x00000000eab00000,0x00000000eaf80000,0x00000000eaf80000)
  from space 2048K, 99% used [0x00000000eb480000,0x00000000eb67bca0,0x00000000eb680000)
  to   space 5120K, 0% used [0x00000000eaf80000,0x00000000eaf80000,0x00000000eb480000)
 ParOldGen       total 87552K, used 87368K [0x00000000c0000000, 0x00000000c5580000, 0x00000000eab00000)
  object space 87552K, 99% used [0x00000000c0000000,0x00000000c55520c0,0x00000000c5580000)
 Metaspace       used 77374K, committed 78656K, reserved 1179648K
  class space    used 8199K, committed 8768K, reserved 1048576K
}
Event: 889.656 GC heap after
{Heap after GC invocations=150 (full 5):
 PSYoungGen      total 9728K, used 0K [0x00000000eab00000, 0x00000000eb980000, 0x0000000100000000)
  eden space 4608K, 0% used [0x00000000eab00000,0x00000000eab00000,0x00000000eaf80000)
  from space 5120K, 0% used [0x00000000eaf80000,0x00000000eaf80000,0x00000000eb480000)
  to   space 5120K, 0% used [0x00000000eb480000,0x00000000eb480000,0x00000000eb980000)
 ParOldGen       total 89600K, used 62611K [0x00000000c0000000, 0x00000000c5780000, 0x00000000eab00000)
  object space 89600K, 69% used [0x00000000c0000000,0x00000000c3d24c28,0x00000000c5780000)
 Metaspace       used 77368K, committed 78656K, reserved 1179648K
  class space    used 8197K, committed 8768K, reserved 1048576K
}
Event: 891.669 GC heap before
{Heap before GC invocations=151 (full 5):
 PSYoungGen      total 9728K, used 4608K [0x00000000eab00000, 0x00000000eb980000, 0x0000000100000000)
  eden space 4608K, 100% used [0x00000000eab00000,0x00000000eaf80000,0x00000000eaf80000)
  from space 5120K, 0% used [0x00000000eaf80000,0x00000000eaf80000,0x00000000eb480000)
  to   space 5120K, 0% used [0x00000000eb480000,0x00000000eb480000,0x00000000eb980000)
 ParOldGen       total 89600K, used 62611K [0x00000000c0000000, 0x00000000c5780000, 0x00000000eab00000)
  object space 89600K, 69% used [0x00000000c0000000,0x00000000c3d24c28,0x00000000c5780000)
 Metaspace       used 77437K, committed 78720K, reserved 1179648K
  class space    used 8198K, committed 8768K, reserved 1048576K
}
Event: 891.670 GC heap after
{Heap after GC invocations=151 (full 5):
 PSYoungGen      total 5120K, used 256K [0x00000000eab00000, 0x00000000eb500000, 0x0000000100000000)
  eden space 4608K, 0% used [0x00000000eab00000,0x00000000eab00000,0x00000000eaf80000)
  from space 512K, 50% used [0x00000000eb480000,0x00000000eb4c0000,0x00000000eb500000)
  to   space 2048K, 0% used [0x00000000eb100000,0x00000000eb100000,0x00000000eb300000)
 ParOldGen       total 89600K, used 62611K [0x00000000c0000000, 0x00000000c5780000, 0x00000000eab00000)
  object space 89600K, 69% used [0x00000000c0000000,0x00000000c3d24c28,0x00000000c5780000)
 Metaspace       used 77437K, committed 78720K, reserved 1179648K
  class space    used 8198K, committed 8768K, reserved 1048576K
}
Event: 891.683 GC heap before
{Heap before GC invocations=152 (full 5):
 PSYoungGen      total 5120K, used 4864K [0x00000000eab00000, 0x00000000eb500000, 0x0000000100000000)
  eden space 4608K, 100% used [0x00000000eab00000,0x00000000eaf80000,0x00000000eaf80000)
  from space 512K, 50% used [0x00000000eb480000,0x00000000eb4c0000,0x00000000eb500000)
  to   space 2048K, 0% used [0x00000000eb100000,0x00000000eb100000,0x00000000eb300000)
 ParOldGen       total 89600K, used 62611K [0x00000000c0000000, 0x00000000c5780000, 0x00000000eab00000)
  object space 89600K, 69% used [0x00000000c0000000,0x00000000c3d24c28,0x00000000c5780000)
 Metaspace       used 77439K, committed 78720K, reserved 1179648K
  class space    used 8198K, committed 8768K, reserved 1048576K
}
Event: 891.684 GC heap after
{Heap after GC invocations=152 (full 5):
 PSYoungGen      total 6656K, used 752K [0x00000000eab00000, 0x00000000eb500000, 0x0000000100000000)
  eden space 4608K, 0% used [0x00000000eab00000,0x00000000eab00000,0x00000000eaf80000)
  from space 2048K, 36% used [0x00000000eb100000,0x00000000eb1bc010,0x00000000eb300000)
  to   space 1024K, 0% used [0x00000000eb400000,0x00000000eb400000,0x00000000eb500000)
 ParOldGen       total 89600K, used 62747K [0x00000000c0000000, 0x00000000c5780000, 0x00000000eab00000)
  object space 89600K, 70% used [0x00000000c0000000,0x00000000c3d46d70,0x00000000c5780000)
 Metaspace       used 77439K, committed 78720K, reserved 1179648K
  class space    used 8198K, committed 8768K, reserved 1048576K
}
Event: 891.722 GC heap before
{Heap before GC invocations=153 (full 5):
 PSYoungGen      total 6656K, used 5360K [0x00000000eab00000, 0x00000000eb500000, 0x0000000100000000)
  eden space 4608K, 100% used [0x00000000eab00000,0x00000000eaf80000,0x00000000eaf80000)
  from space 2048K, 36% used [0x00000000eb100000,0x00000000eb1bc010,0x00000000eb300000)
  to   space 1024K, 0% used [0x00000000eb400000,0x00000000eb400000,0x00000000eb500000)
 ParOldGen       total 89600K, used 62747K [0x00000000c0000000, 0x00000000c5780000, 0x00000000eab00000)
  object space 89600K, 70% used [0x00000000c0000000,0x00000000c3d46d70,0x00000000c5780000)
 Metaspace       used 77501K, committed 78784K, reserved 1179648K
  class space    used 8198K, committed 8768K, reserved 1048576K
}
Event: 891.724 GC heap after
{Heap after GC invocations=153 (full 5):
 PSYoungGen      total 5632K, used 874K [0x00000000eab00000, 0x00000000eb500000, 0x0000000100000000)
  eden space 4608K, 0% used [0x00000000eab00000,0x00000000eab00000,0x00000000eaf80000)
  from space 1024K, 85% used [0x00000000eb400000,0x00000000eb4da910,0x00000000eb500000)
  to   space 1024K, 0% used [0x00000000eb300000,0x00000000eb300000,0x00000000eb400000)
 ParOldGen       total 89600K, used 63319K [0x00000000c0000000, 0x00000000c5780000, 0x00000000eab00000)
  object space 89600K, 70% used [0x00000000c0000000,0x00000000c3dd5cf8,0x00000000c5780000)
 Metaspace       used 77501K, committed 78784K, reserved 1179648K
  class space    used 8198K, committed 8768K, reserved 1048576K
}
Event: 891.744 GC heap before
{Heap before GC invocations=154 (full 5):
 PSYoungGen      total 5632K, used 5482K [0x00000000eab00000, 0x00000000eb500000, 0x0000000100000000)
  eden space 4608K, 100% used [0x00000000eab00000,0x00000000eaf80000,0x00000000eaf80000)
  from space 1024K, 85% used [0x00000000eb400000,0x00000000eb4da910,0x00000000eb500000)
  to   space 1024K, 0% used [0x00000000eb300000,0x00000000eb300000,0x00000000eb400000)
 ParOldGen       total 89600K, used 63319K [0x00000000c0000000, 0x00000000c5780000, 0x00000000eab00000)
  object space 89600K, 70% used [0x00000000c0000000,0x00000000c3dd5cf8,0x00000000c5780000)
 Metaspace       used 77511K, committed 78784K, reserved 1179648K
  class space    used 8198K, committed 8768K, reserved 1048576K
}
Event: 891.746 GC heap after
{Heap after GC invocations=154 (full 5):
 PSYoungGen      total 5632K, used 704K [0x00000000eab00000, 0x00000000eb480000, 0x0000000100000000)
  eden space 4608K, 0% used [0x00000000eab00000,0x00000000eab00000,0x00000000eaf80000)
  from space 1024K, 68% used [0x00000000eb300000,0x00000000eb3b0000,0x00000000eb400000)
  to   space 512K, 0% used [0x00000000eb400000,0x00000000eb400000,0x00000000eb480000)
 ParOldGen       total 89600K, used 64095K [0x00000000c0000000, 0x00000000c5780000, 0x00000000eab00000)
  object space 89600K, 71% used [0x00000000c0000000,0x00000000c3e97e60,0x00000000c5780000)
 Metaspace       used 77511K, committed 78784K, reserved 1179648K
  class space    used 8198K, committed 8768K, reserved 1048576K
}
Event: 916.813 GC heap before
{Heap before GC invocations=155 (full 5):
 PSYoungGen      total 5632K, used 5311K [0x00000000eab00000, 0x00000000eb480000, 0x0000000100000000)
  eden space 4608K, 99% used [0x00000000eab00000,0x00000000eaf7fff8,0x00000000eaf80000)
  from space 1024K, 68% used [0x00000000eb300000,0x00000000eb3b0000,0x00000000eb400000)
  to   space 512K, 0% used [0x00000000eb400000,0x00000000eb400000,0x00000000eb480000)
 ParOldGen       total 89600K, used 64095K [0x00000000c0000000, 0x00000000c5780000, 0x00000000eab00000)
  object space 89600K, 71% used [0x00000000c0000000,0x00000000c3e97e60,0x00000000c5780000)
 Metaspace       used 77546K, committed 78848K, reserved 1179648K
  class space    used 8198K, committed 8768K, reserved 1048576K
}
Event: 916.814 GC heap after
{Heap after GC invocations=155 (full 5):
 PSYoungGen      total 5120K, used 512K [0x00000000eab00000, 0x00000000eb480000, 0x0000000100000000)
  eden space 4608K, 0% used [0x00000000eab00000,0x00000000eab00000,0x00000000eaf80000)
  from space 512K, 100% used [0x00000000eb400000,0x00000000eb480000,0x00000000eb480000)
  to   space 1024K, 0% used [0x00000000eb280000,0x00000000eb280000,0x00000000eb380000)
 ParOldGen       total 89600K, used 64735K [0x00000000c0000000, 0x00000000c5780000, 0x00000000eab00000)
  object space 89600K, 72% used [0x00000000c0000000,0x00000000c3f37e80,0x00000000c5780000)
 Metaspace       used 77546K, committed 78848K, reserved 1179648K
  class space    used 8198K, committed 8768K, reserved 1048576K
}
Event: 951.577 GC heap before
{Heap before GC invocations=156 (full 5):
 PSYoungGen      total 5120K, used 5120K [0x00000000eab00000, 0x00000000eb480000, 0x0000000100000000)
  eden space 4608K, 100% used [0x00000000eab00000,0x00000000eaf80000,0x00000000eaf80000)
  from space 512K, 100% used [0x00000000eb400000,0x00000000eb480000,0x00000000eb480000)
  to   space 1024K, 0% used [0x00000000eb280000,0x00000000eb280000,0x00000000eb380000)
 ParOldGen       total 89600K, used 64735K [0x00000000c0000000, 0x00000000c5780000, 0x00000000eab00000)
  object space 89600K, 72% used [0x00000000c0000000,0x00000000c3f37e80,0x00000000c5780000)
 Metaspace       used 77572K, committed 78848K, reserved 1179648K
  class space    used 8199K, committed 8768K, reserved 1048576K
}
Event: 951.580 GC heap after
{Heap after GC invocations=156 (full 5):
 PSYoungGen      total 5632K, used 612K [0x00000000eab00000, 0x00000000eb480000, 0x0000000100000000)
  eden space 4608K, 0% used [0x00000000eab00000,0x00000000eab00000,0x00000000eaf80000)
  from space 1024K, 59% used [0x00000000eb280000,0x00000000eb319230,0x00000000eb380000)
  to   space 1024K, 0% used [0x00000000eb380000,0x00000000eb380000,0x00000000eb480000)
 ParOldGen       total 89600K, used 65149K [0x00000000c0000000, 0x00000000c5780000, 0x00000000eab00000)
  object space 89600K, 72% used [0x00000000c0000000,0x00000000c3f9f600,0x00000000c5780000)
 Metaspace       used 77572K, committed 78848K, reserved 1179648K
  class space    used 8199K, committed 8768K, reserved 1048576K
}
Event: 951.631 GC heap before
{Heap before GC invocations=157 (full 5):
 PSYoungGen      total 5632K, used 5220K [0x00000000eab00000, 0x00000000eb480000, 0x0000000100000000)
  eden space 4608K, 100% used [0x00000000eab00000,0x00000000eaf80000,0x00000000eaf80000)
  from space 1024K, 59% used [0x00000000eb280000,0x00000000eb319230,0x00000000eb380000)
  to   space 1024K, 0% used [0x00000000eb380000,0x00000000eb380000,0x00000000eb480000)
 ParOldGen       total 89600K, used 65149K [0x00000000c0000000, 0x00000000c5780000, 0x00000000eab00000)
  object space 89600K, 72% used [0x00000000c0000000,0x00000000c3f9f600,0x00000000c5780000)
 Metaspace       used 77587K, committed 78848K, reserved 1179648K
  class space    used 8199K, committed 8768K, reserved 1048576K
}
Event: 951.633 GC heap after
{Heap after GC invocations=157 (full 5):
 PSYoungGen      total 5632K, used 608K [0x00000000eab00000, 0x00000000eb480000, 0x0000000100000000)
  eden space 4608K, 0% used [0x00000000eab00000,0x00000000eab00000,0x00000000eaf80000)
  from space 1024K, 59% used [0x00000000eb380000,0x00000000eb418000,0x00000000eb480000)
  to   space 1024K, 0% used [0x00000000eb280000,0x00000000eb280000,0x00000000eb380000)
 ParOldGen       total 89600K, used 65653K [0x00000000c0000000, 0x00000000c5780000, 0x00000000eab00000)
  object space 89600K, 73% used [0x00000000c0000000,0x00000000c401d788,0x00000000c5780000)
 Metaspace       used 77587K, committed 78848K, reserved 1179648K
  class space    used 8199K, committed 8768K, reserved 1048576K
}

