# JRE version: OpenJDK Runtime Environment Temurin-17.0.13+11 (17.0.13+11) (build 17.0.13+11)
# Java VM: OpenJDK 64-Bit Server VM Temurin-17.0.13+11 (17.0.13+11, mixed mode, tiered, compressed oops, compressed class ptrs, parallel gc, windows-amd64)
GC Precious Log:
 CPUs: 8 total, 8 available
 Memory: 16239M
 Large Page Support: Disabled
 NUMA Support: Disabled
 Compressed Oops: Enabled (32-bit)
 Alignments: Space 512K, Generation 512K, Heap 2M
 Heap Min Capacity: 100M
 Heap Initial Capacity: 100M
 Heap Max Capacity: 1G
 Pre-touch: Disabled
 Parallel Workers: 8
Heap:
 PSYoungGen      total 11264K, used 10518K [0x00000000eab00000, 0x00000000eb680000, 0x0000000100000000)
  eden space 10240K, 98% used [0x00000000eab00000,0x00000000eb4e59f0,0x00000000eb500000)
  from space 1024K, 37% used [0x00000000eb500000,0x00000000eb560040,0x00000000eb600000)
  to   space 512K, 0% used [0x00000000eb600000,0x00000000eb600000,0x00000000eb680000)
 ParOldGen       total 68608K, used 67138K [0x00000000c0000000, 0x00000000c4300000, 0x00000000eab00000)
  object space 68608K, 97% used [0x00000000c0000000,0x00000000c4190b88,0x00000000c4300000)
 Metaspace       used 64726K, committed 65920K, reserved 1114112K
  class space    used 6882K, committed 7360K, reserved 1048576K
GC Heap History (20 events):
Event: 17.478 GC heap before
{Heap before GC invocations=76 (full 3):
 PSYoungGen      total 11264K, used 10758K [0x00000000eab00000, 0x00000000eb700000, 0x0000000100000000)
  eden space 10240K, 100% used [0x00000000eab00000,0x00000000eb500000,0x00000000eb500000)
  from space 1024K, 50% used [0x00000000eb600000,0x00000000eb681a08,0x00000000eb700000)
  to   space 1024K, 0% used [0x00000000eb500000,0x00000000eb500000,0x00000000eb600000)
 ParOldGen       total 68608K, used 64025K [0x00000000c0000000, 0x00000000c4300000, 0x00000000eab00000)
  object space 68608K, 93% used [0x00000000c0000000,0x00000000c3e86680,0x00000000c4300000)
 Metaspace       used 64651K, committed 65856K, reserved 1114112K
  class space    used 6882K, committed 7360K, reserved 1048576K
}
Event: 17.481 GC heap after
{Heap after GC invocations=76 (full 3):
 PSYoungGen      total 11264K, used 671K [0x00000000eab00000, 0x00000000eb700000, 0x0000000100000000)
  eden space 10240K, 0% used [0x00000000eab00000,0x00000000eab00000,0x00000000eb500000)
  from space 1024K, 65% used [0x00000000eb500000,0x00000000eb5a7d48,0x00000000eb600000)
  to   space 1024K, 0% used [0x00000000eb600000,0x00000000eb600000,0x00000000eb700000)
 ParOldGen       total 68608K, used 64398K [0x00000000c0000000, 0x00000000c4300000, 0x00000000eab00000)
  object space 68608K, 93% used [0x00000000c0000000,0x00000000c3ee3900,0x00000000c4300000)
 Metaspace       used 64651K, committed 65856K, reserved 1114112K
  class space    used 6882K, committed 7360K, reserved 1048576K
}
Event: 17.568 GC heap before
{Heap before GC invocations=77 (full 3):
 PSYoungGen      total 11264K, used 10911K [0x00000000eab00000, 0x00000000eb700000, 0x0000000100000000)
  eden space 10240K, 100% used [0x00000000eab00000,0x00000000eb500000,0x00000000eb500000)
  from space 1024K, 65% used [0x00000000eb500000,0x00000000eb5a7d48,0x00000000eb600000)
  to   space 1024K, 0% used [0x00000000eb600000,0x00000000eb600000,0x00000000eb700000)
 ParOldGen       total 68608K, used 64398K [0x00000000c0000000, 0x00000000c4300000, 0x00000000eab00000)
  object space 68608K, 93% used [0x00000000c0000000,0x00000000c3ee3900,0x00000000c4300000)
 Metaspace       used 64660K, committed 65856K, reserved 1114112K
  class space    used 6882K, committed 7360K, reserved 1048576K
}
Event: 17.571 GC heap after
{Heap after GC invocations=77 (full 3):
 PSYoungGen      total 11264K, used 446K [0x00000000eab00000, 0x00000000eb700000, 0x0000000100000000)
  eden space 10240K, 0% used [0x00000000eab00000,0x00000000eab00000,0x00000000eb500000)
  from space 1024K, 43% used [0x00000000eb600000,0x00000000eb66fad8,0x00000000eb700000)
  to   space 1024K, 0% used [0x00000000eb500000,0x00000000eb500000,0x00000000eb600000)
 ParOldGen       total 68608K, used 64797K [0x00000000c0000000, 0x00000000c4300000, 0x00000000eab00000)
  object space 68608K, 94% used [0x00000000c0000000,0x00000000c3f476c8,0x00000000c4300000)
 Metaspace       used 64660K, committed 65856K, reserved 1114112K
  class space    used 6882K, committed 7360K, reserved 1048576K
}
Event: 17.598 GC heap before
{Heap before GC invocations=78 (full 3):
 PSYoungGen      total 11264K, used 10686K [0x00000000eab00000, 0x00000000eb700000, 0x0000000100000000)
  eden space 10240K, 100% used [0x00000000eab00000,0x00000000eb500000,0x00000000eb500000)
  from space 1024K, 43% used [0x00000000eb600000,0x00000000eb66fad8,0x00000000eb700000)
  to   space 1024K, 0% used [0x00000000eb500000,0x00000000eb500000,0x00000000eb600000)
 ParOldGen       total 68608K, used 64797K [0x00000000c0000000, 0x00000000c4300000, 0x00000000eab00000)
  object space 68608K, 94% used [0x00000000c0000000,0x00000000c3f476c8,0x00000000c4300000)
 Metaspace       used 64664K, committed 65856K, reserved 1114112K
  class space    used 6882K, committed 7360K, reserved 1048576K
}
Event: 17.599 GC heap after
{Heap after GC invocations=78 (full 3):
 PSYoungGen      total 11264K, used 320K [0x00000000eab00000, 0x00000000eb680000, 0x0000000100000000)
  eden space 10240K, 0% used [0x00000000eab00000,0x00000000eab00000,0x00000000eb500000)
  from space 1024K, 31% used [0x00000000eb500000,0x00000000eb550000,0x00000000eb600000)
  to   space 512K, 0% used [0x00000000eb600000,0x00000000eb600000,0x00000000eb680000)
 ParOldGen       total 68608K, used 65098K [0x00000000c0000000, 0x00000000c4300000, 0x00000000eab00000)
  object space 68608K, 94% used [0x00000000c0000000,0x00000000c3f92ae0,0x00000000c4300000)
 Metaspace       used 64664K, committed 65856K, reserved 1114112K
  class space    used 6882K, committed 7360K, reserved 1048576K
}
Event: 17.628 GC heap before
{Heap before GC invocations=79 (full 3):
 PSYoungGen      total 11264K, used 10560K [0x00000000eab00000, 0x00000000eb680000, 0x0000000100000000)
  eden space 10240K, 100% used [0x00000000eab00000,0x00000000eb500000,0x00000000eb500000)
  from space 1024K, 31% used [0x00000000eb500000,0x00000000eb550000,0x00000000eb600000)
  to   space 512K, 0% used [0x00000000eb600000,0x00000000eb600000,0x00000000eb680000)
 ParOldGen       total 68608K, used 65098K [0x00000000c0000000, 0x00000000c4300000, 0x00000000eab00000)
  object space 68608K, 94% used [0x00000000c0000000,0x00000000c3f92ae0,0x00000000c4300000)
 Metaspace       used 64666K, committed 65856K, reserved 1114112K
  class space    used 6882K, committed 7360K, reserved 1048576K
}
Event: 17.629 GC heap after
{Heap after GC invocations=79 (full 3):
 PSYoungGen      total 10752K, used 494K [0x00000000eab00000, 0x00000000eb700000, 0x0000000100000000)
  eden space 10240K, 0% used [0x00000000eab00000,0x00000000eab00000,0x00000000eb500000)
  from space 512K, 96% used [0x00000000eb600000,0x00000000eb67b838,0x00000000eb680000)
  to   space 1024K, 0% used [0x00000000eb500000,0x00000000eb500000,0x00000000eb600000)
 ParOldGen       total 68608K, used 65274K [0x00000000c0000000, 0x00000000c4300000, 0x00000000eab00000)
  object space 68608K, 95% used [0x00000000c0000000,0x00000000c3fbeae0,0x00000000c4300000)
 Metaspace       used 64666K, committed 65856K, reserved 1114112K
  class space    used 6882K, committed 7360K, reserved 1048576K
}
Event: 17.659 GC heap before
{Heap before GC invocations=80 (full 3):
 PSYoungGen      total 10752K, used 10734K [0x00000000eab00000, 0x00000000eb700000, 0x0000000100000000)
  eden space 10240K, 100% used [0x00000000eab00000,0x00000000eb500000,0x00000000eb500000)
  from space 512K, 96% used [0x00000000eb600000,0x00000000eb67b838,0x00000000eb680000)
  to   space 1024K, 0% used [0x00000000eb500000,0x00000000eb500000,0x00000000eb600000)
 ParOldGen       total 68608K, used 65274K [0x00000000c0000000, 0x00000000c4300000, 0x00000000eab00000)
  object space 68608K, 95% used [0x00000000c0000000,0x00000000c3fbeae0,0x00000000c4300000)
 Metaspace       used 64666K, committed 65856K, reserved 1114112K
  class space    used 6882K, committed 7360K, reserved 1048576K
}
Event: 17.660 GC heap after
{Heap after GC invocations=80 (full 3):
 PSYoungGen      total 11264K, used 416K [0x00000000eab00000, 0x00000000eb680000, 0x0000000100000000)
  eden space 10240K, 0% used [0x00000000eab00000,0x00000000eab00000,0x00000000eb500000)
  from space 1024K, 40% used [0x00000000eb500000,0x00000000eb568000,0x00000000eb600000)
  to   space 512K, 0% used [0x00000000eb600000,0x00000000eb600000,0x00000000eb680000)
 ParOldGen       total 68608K, used 65730K [0x00000000c0000000, 0x00000000c4300000, 0x00000000eab00000)
  object space 68608K, 95% used [0x00000000c0000000,0x00000000c4030af0,0x00000000c4300000)
 Metaspace       used 64666K, committed 65856K, reserved 1114112K
  class space    used 6882K, committed 7360K, reserved 1048576K
}
Event: 17.725 GC heap before
{Heap before GC invocations=81 (full 3):
 PSYoungGen      total 11264K, used 10656K [0x00000000eab00000, 0x00000000eb680000, 0x0000000100000000)
  eden space 10240K, 100% used [0x00000000eab00000,0x00000000eb500000,0x00000000eb500000)
  from space 1024K, 40% used [0x00000000eb500000,0x00000000eb568000,0x00000000eb600000)
  to   space 512K, 0% used [0x00000000eb600000,0x00000000eb600000,0x00000000eb680000)
 ParOldGen       total 68608K, used 65730K [0x00000000c0000000, 0x00000000c4300000, 0x00000000eab00000)
  object space 68608K, 95% used [0x00000000c0000000,0x00000000c4030af0,0x00000000c4300000)
 Metaspace       used 64692K, committed 65856K, reserved 1114112K
  class space    used 6882K, committed 7360K, reserved 1048576K
}
Event: 17.727 GC heap after
{Heap after GC invocations=81 (full 3):
 PSYoungGen      total 10752K, used 481K [0x00000000eab00000, 0x00000000eb700000, 0x0000000100000000)
  eden space 10240K, 0% used [0x00000000eab00000,0x00000000eab00000,0x00000000eb500000)
  from space 512K, 94% used [0x00000000eb600000,0x00000000eb6786b0,0x00000000eb680000)
  to   space 1024K, 0% used [0x00000000eb500000,0x00000000eb500000,0x00000000eb600000)
 ParOldGen       total 68608K, used 65962K [0x00000000c0000000, 0x00000000c4300000, 0x00000000eab00000)
  object space 68608K, 96% used [0x00000000c0000000,0x00000000c406aaf0,0x00000000c4300000)
 Metaspace       used 64692K, committed 65856K, reserved 1114112K
  class space    used 6882K, committed 7360K, reserved 1048576K
}
Event: 17.747 GC heap before
{Heap before GC invocations=82 (full 3):
 PSYoungGen      total 10752K, used 10721K [0x00000000eab00000, 0x00000000eb700000, 0x0000000100000000)
  eden space 10240K, 100% used [0x00000000eab00000,0x00000000eb500000,0x00000000eb500000)
  from space 512K, 94% used [0x00000000eb600000,0x00000000eb6786b0,0x00000000eb680000)
  to   space 1024K, 0% used [0x00000000eb500000,0x00000000eb500000,0x00000000eb600000)
 ParOldGen       total 68608K, used 65962K [0x00000000c0000000, 0x00000000c4300000, 0x00000000eab00000)
  object space 68608K, 96% used [0x00000000c0000000,0x00000000c406aaf0,0x00000000c4300000)
 Metaspace       used 64697K, committed 65856K, reserved 1114112K
  class space    used 6882K, committed 7360K, reserved 1048576K
}
Event: 17.749 GC heap after
{Heap after GC invocations=82 (full 3):
 PSYoungGen      total 11264K, used 448K [0x00000000eab00000, 0x00000000eb700000, 0x0000000100000000)
  eden space 10240K, 0% used [0x00000000eab00000,0x00000000eab00000,0x00000000eb500000)
  from space 1024K, 43% used [0x00000000eb500000,0x00000000eb570000,0x00000000eb600000)
  to   space 1024K, 0% used [0x00000000eb600000,0x00000000eb600000,0x00000000eb700000)
 ParOldGen       total 68608K, used 66278K [0x00000000c0000000, 0x00000000c4300000, 0x00000000eab00000)
  object space 68608K, 96% used [0x00000000c0000000,0x00000000c40b9850,0x00000000c4300000)
 Metaspace       used 64697K, committed 65856K, reserved 1114112K
  class space    used 6882K, committed 7360K, reserved 1048576K
}
Event: 17.902 GC heap before
{Heap before GC invocations=83 (full 3):
 PSYoungGen      total 11264K, used 10688K [0x00000000eab00000, 0x00000000eb700000, 0x0000000100000000)
  eden space 10240K, 100% used [0x00000000eab00000,0x00000000eb500000,0x00000000eb500000)
  from space 1024K, 43% used [0x00000000eb500000,0x00000000eb570000,0x00000000eb600000)
  to   space 1024K, 0% used [0x00000000eb600000,0x00000000eb600000,0x00000000eb700000)
 ParOldGen       total 68608K, used 66278K [0x00000000c0000000, 0x00000000c4300000, 0x00000000eab00000)
  object space 68608K, 96% used [0x00000000c0000000,0x00000000c40b9850,0x00000000c4300000)
 Metaspace       used 64711K, committed 65920K, reserved 1114112K
  class space    used 6882K, committed 7360K, reserved 1048576K
}
Event: 17.906 GC heap after
{Heap after GC invocations=83 (full 3):
 PSYoungGen      total 11264K, used 582K [0x00000000eab00000, 0x00000000eb700000, 0x0000000100000000)
  eden space 10240K, 0% used [0x00000000eab00000,0x00000000eab00000,0x00000000eb500000)
  from space 1024K, 56% used [0x00000000eb600000,0x00000000eb691a28,0x00000000eb700000)
  to   space 1024K, 0% used [0x00000000eb500000,0x00000000eb500000,0x00000000eb600000)
 ParOldGen       total 68608K, used 66503K [0x00000000c0000000, 0x00000000c4300000, 0x00000000eab00000)
  object space 68608K, 96% used [0x00000000c0000000,0x00000000c40f1cb8,0x00000000c4300000)
 Metaspace       used 64711K, committed 65920K, reserved 1114112K
  class space    used 6882K, committed 7360K, reserved 1048576K
}
Event: 17.945 GC heap before
{Heap before GC invocations=84 (full 3):
 PSYoungGen      total 11264K, used 10822K [0x00000000eab00000, 0x00000000eb700000, 0x0000000100000000)
  eden space 10240K, 100% used [0x00000000eab00000,0x00000000eb500000,0x00000000eb500000)
  from space 1024K, 56% used [0x00000000eb600000,0x00000000eb691a28,0x00000000eb700000)
  to   space 1024K, 0% used [0x00000000eb500000,0x00000000eb500000,0x00000000eb600000)
 ParOldGen       total 68608K, used 66503K [0x00000000c0000000, 0x00000000c4300000, 0x00000000eab00000)
  object space 68608K, 96% used [0x00000000c0000000,0x00000000c40f1cb8,0x00000000c4300000)
 Metaspace       used 64711K, committed 65920K, reserved 1114112K
  class space    used 6882K, committed 7360K, reserved 1048576K
}
Event: 17.948 GC heap after
{Heap after GC invocations=84 (full 3):
 PSYoungGen      total 11264K, used 256K [0x00000000eab00000, 0x00000000eb680000, 0x0000000100000000)
  eden space 10240K, 0% used [0x00000000eab00000,0x00000000eab00000,0x00000000eb500000)
  from space 1024K, 25% used [0x00000000eb500000,0x00000000eb540000,0x00000000eb600000)
  to   space 512K, 0% used [0x00000000eb600000,0x00000000eb600000,0x00000000eb680000)
 ParOldGen       total 68608K, used 66826K [0x00000000c0000000, 0x00000000c4300000, 0x00000000eab00000)
  object space 68608K, 97% used [0x00000000c0000000,0x00000000c41429b8,0x00000000c4300000)
 Metaspace       used 64711K, committed 65920K, reserved 1114112K
  class space    used 6882K, committed 7360K, reserved 1048576K
}
Event: 18.098 GC heap before
{Heap before GC invocations=85 (full 3):
 PSYoungGen      total 11264K, used 10496K [0x00000000eab00000, 0x00000000eb680000, 0x0000000100000000)
  eden space 10240K, 100% used [0x00000000eab00000,0x00000000eb500000,0x00000000eb500000)
  from space 1024K, 25% used [0x00000000eb500000,0x00000000eb540000,0x00000000eb600000)
  to   space 512K, 0% used [0x00000000eb600000,0x00000000eb600000,0x00000000eb680000)
 ParOldGen       total 68608K, used 66826K [0x00000000c0000000, 0x00000000c4300000, 0x00000000eab00000)
  object space 68608K, 97% used [0x00000000c0000000,0x00000000c41429b8,0x00000000c4300000)
 Metaspace       used 64714K, committed 65920K, reserved 1114112K
  class space    used 6882K, committed 7360K, reserved 1048576K
}
Event: 18.099 GC heap after
{Heap after GC invocations=85 (full 3):
 PSYoungGen      total 10752K, used 509K [0x00000000eab00000, 0x00000000eb700000, 0x0000000100000000)
  eden space 10240K, 0% used [0x00000000eab00000,0x00000000eab00000,0x00000000eb500000)
  from space 512K, 99% used [0x00000000eb600000,0x00000000eb67f698,0x00000000eb680000)
  to   space 1024K, 0% used [0x00000000eb500000,0x00000000eb500000,0x00000000eb600000)
 ParOldGen       total 68608K, used 66882K [0x00000000c0000000, 0x00000000c4300000, 0x00000000eab00000)
  object space 68608K, 97% used [0x00000000c0000000,0x00000000c41509b8,0x00000000c4300000)
 Metaspace       used 64714K, committed 65920K, reserved 1114112K
  class space    used 6882K, committed 7360K, reserved 1048576K
}

